<?xml version="1.0" encoding="UTF-8"?>
<testng-results skipped="0" failed="0" ignored="0" total="8" passed="8">
  <reporter-output>
  </reporter-output>
  <suite name="Default suite" duration-ms="46" started-at="2018-08-06T18:15:30Z" finished-at="2018-08-06T18:15:30Z">
    <groups>
    </groups>
    <test name="Default test" duration-ms="46" started-at="2018-08-06T18:15:30Z" finished-at="2018-08-06T18:15:30Z">
      <class name="com.ritu.tomtom.Elevaator.ElevatorTest">
        <test-method status="PASS" signature="initializeElevator()[pri:0, instance:com.ritu.tomtom.Elevaator.ElevatorTest@5034c75a]" name="initializeElevator" is-config="true" duration-ms="4" started-at="2018-08-06T18:15:30Z" finished-at="2018-08-06T18:15:30Z">
          <reporter-output>
          </reporter-output>
        </test-method> <!-- initializeElevator -->
        <test-method status="PASS" signature="checkCurrentFloor()[pri:0, instance:com.ritu.tomtom.Elevaator.ElevatorTest@5034c75a]" name="checkCurrentFloor" duration-ms="7" started-at="2018-08-06T18:15:30Z" finished-at="2018-08-06T18:15:30Z">
          <reporter-output>
          </reporter-output>
        </test-method> <!-- checkCurrentFloor -->
        <test-method status="PASS" signature="initializeElevator()[pri:0, instance:com.ritu.tomtom.Elevaator.ElevatorTest@5034c75a]" name="initializeElevator" is-config="true" duration-ms="0" started-at="2018-08-06T18:15:30Z" finished-at="2018-08-06T18:15:30Z">
          <reporter-output>
          </reporter-output>
        </test-method> <!-- initializeElevator -->
        <test-method status="PASS" signature="checkDirectionDown()[pri:0, instance:com.ritu.tomtom.Elevaator.ElevatorTest@5034c75a]" name="checkDirectionDown" duration-ms="1" started-at="2018-08-06T18:15:30Z" finished-at="2018-08-06T18:15:30Z">
          <reporter-output>
          </reporter-output>
        </test-method> <!-- checkDirectionDown -->
        <test-method status="PASS" signature="initializeElevator()[pri:0, instance:com.ritu.tomtom.Elevaator.ElevatorTest@5034c75a]" name="initializeElevator" is-config="true" duration-ms="0" started-at="2018-08-06T18:15:30Z" finished-at="2018-08-06T18:15:30Z">
          <reporter-output>
          </reporter-output>
        </test-method> <!-- initializeElevator -->
        <test-method status="PASS" signature="checkDirectionHold()[pri:0, instance:com.ritu.tomtom.Elevaator.ElevatorTest@5034c75a]" name="checkDirectionHold" duration-ms="1" started-at="2018-08-06T18:15:30Z" finished-at="2018-08-06T18:15:30Z">
          <reporter-output>
          </reporter-output>
        </test-method> <!-- checkDirectionHold -->
        <test-method status="PASS" signature="checkDirectionUp()[pri:0, instance:com.ritu.tomtom.Elevaator.ElevatorTest@5034c75a]" name="checkDirectionUp" duration-ms="1" started-at="2018-08-06T18:15:30Z" finished-at="2018-08-06T18:15:30Z">
          <reporter-output>
          </reporter-output>
        </test-method> <!-- checkDirectionUp -->
        <test-method status="PASS" signature="initializeElevator()[pri:0, instance:com.ritu.tomtom.Elevaator.ElevatorTest@5034c75a]" name="initializeElevator" is-config="true" duration-ms="0" started-at="2018-08-06T18:15:30Z" finished-at="2018-08-06T18:15:30Z">
          <reporter-output>
          </reporter-output>
        </test-method> <!-- initializeElevator -->
        <test-method status="PASS" signature="checkMoveDown()[pri:0, instance:com.ritu.tomtom.Elevaator.ElevatorTest@5034c75a]" name="checkMoveDown" duration-ms="1" started-at="2018-08-06T18:15:30Z" finished-at="2018-08-06T18:15:30Z">
          <reporter-output>
          </reporter-output>
        </test-method> <!-- checkMoveDown -->
        <test-method status="PASS" signature="initializeElevator()[pri:0, instance:com.ritu.tomtom.Elevaator.ElevatorTest@5034c75a]" name="initializeElevator" is-config="true" duration-ms="0" started-at="2018-08-06T18:15:30Z" finished-at="2018-08-06T18:15:30Z">
          <reporter-output>
          </reporter-output>
        </test-method> <!-- initializeElevator -->
        <test-method status="PASS" signature="checkStatusEmpty()[pri:0, instance:com.ritu.tomtom.Elevaator.ElevatorTest@5034c75a]" name="checkStatusEmpty" duration-ms="2" started-at="2018-08-06T18:15:30Z" finished-at="2018-08-06T18:15:30Z">
          <reporter-output>
          </reporter-output>
        </test-method> <!-- checkStatusEmpty -->
        <test-method status="PASS" signature="initializeElevator()[pri:0, instance:com.ritu.tomtom.Elevaator.ElevatorTest@5034c75a]" name="initializeElevator" is-config="true" duration-ms="0" started-at="2018-08-06T18:15:30Z" finished-at="2018-08-06T18:15:30Z">
          <reporter-output>
          </reporter-output>
        </test-method> <!-- initializeElevator -->
        <test-method status="PASS" signature="checkStatusOccupied()[pri:0, instance:com.ritu.tomtom.Elevaator.ElevatorTest@5034c75a]" name="checkStatusOccupied" duration-ms="1" started-at="2018-08-06T18:15:30Z" finished-at="2018-08-06T18:15:30Z">
          <reporter-output>
          </reporter-output>
        </test-method> <!-- checkStatusOccupied -->
        <test-method status="PASS" signature="initializeElevator()[pri:0, instance:com.ritu.tomtom.Elevaator.ElevatorTest@5034c75a]" name="initializeElevator" is-config="true" duration-ms="0" started-at="2018-08-06T18:15:30Z" finished-at="2018-08-06T18:15:30Z">
          <reporter-output>
          </reporter-output>
        </test-method> <!-- initializeElevator -->
        <test-method status="PASS" signature="initializeElevator()[pri:0, instance:com.ritu.tomtom.Elevaator.ElevatorTest@5034c75a]" name="initializeElevator" is-config="true" duration-ms="1" started-at="2018-08-06T18:15:30Z" finished-at="2018-08-06T18:15:30Z">
          <reporter-output>
          </reporter-output>
        </test-method> <!-- initializeElevator -->
        <test-method status="PASS" signature="testAddingDestination()[pri:0, instance:com.ritu.tomtom.Elevaator.ElevatorTest@5034c75a]" name="testAddingDestination" duration-ms="0" started-at="2018-08-06T18:15:30Z" finished-at="2018-08-06T18:15:30Z">
          <reporter-output>
          </reporter-output>
        </test-method> <!-- testAddingDestination -->
      </class> <!-- com.ritu.tomtom.Elevaator.ElevatorTest -->
    </test> <!-- Default test -->
  </suite> <!-- Default suite -->
</testng-results>
