<?xml version="1.0" encoding="UTF-8"?>
<testng-results skipped="0" failed="0" ignored="0" total="5" passed="5">
  <reporter-output>
  </reporter-output>
  <suite name="Default suite" duration-ms="91" started-at="2018-08-06T18:19:28Z" finished-at="2018-08-06T18:19:28Z">
    <groups>
    </groups>
    <test name="Default test" duration-ms="91" started-at="2018-08-06T18:19:28Z" finished-at="2018-08-06T18:19:28Z">
      <class name="com.ritu.tomtom.Elevaator.ElevatorControlSystemTest">
        <test-method status="PASS" signature="initialize()[pri:0, instance:com.ritu.tomtom.Elevaator.ElevatorControlSystemTest@51efea79]" name="initialize" is-config="true" duration-ms="9" started-at="2018-08-06T18:19:28Z" finished-at="2018-08-06T18:19:28Z">
          <reporter-output>
          </reporter-output>
        </test-method> <!-- initialize -->
        <test-method status="PASS" signature="testCallingTwoElevators()[pri:0, instance:com.ritu.tomtom.Elevaator.ElevatorControlSystemTest@51efea79]" name="testCallingTwoElevators" duration-ms="13" started-at="2018-08-06T18:19:28Z" finished-at="2018-08-06T18:19:28Z">
          <reporter-output>
          </reporter-output>
        </test-method> <!-- testCallingTwoElevators -->
        <test-method status="PASS" signature="initialize()[pri:0, instance:com.ritu.tomtom.Elevaator.ElevatorControlSystemTest@51efea79]" name="initialize" is-config="true" duration-ms="1" started-at="2018-08-06T18:19:28Z" finished-at="2018-08-06T18:19:28Z">
          <reporter-output>
          </reporter-output>
        </test-method> <!-- initialize -->
        <test-method status="PASS" signature="testElevatorTwoNotMoving()[pri:0, instance:com.ritu.tomtom.Elevaator.ElevatorControlSystemTest@51efea79]" name="testElevatorTwoNotMoving" duration-ms="2" started-at="2018-08-06T18:19:28Z" finished-at="2018-08-06T18:19:28Z">
          <reporter-output>
          </reporter-output>
        </test-method> <!-- testElevatorTwoNotMoving -->
        <test-method status="PASS" signature="initialize()[pri:0, instance:com.ritu.tomtom.Elevaator.ElevatorControlSystemTest@51efea79]" name="initialize" is-config="true" duration-ms="1" started-at="2018-08-06T18:19:28Z" finished-at="2018-08-06T18:19:28Z">
          <reporter-output>
          </reporter-output>
        </test-method> <!-- initialize -->
        <test-method status="PASS" signature="testRequestingOneElevator()[pri:0, instance:com.ritu.tomtom.Elevaator.ElevatorControlSystemTest@51efea79]" name="testRequestingOneElevator" duration-ms="1" started-at="2018-08-06T18:19:28Z" finished-at="2018-08-06T18:19:28Z">
          <reporter-output>
          </reporter-output>
        </test-method> <!-- testRequestingOneElevator -->
        <test-method status="PASS" signature="initialize()[pri:0, instance:com.ritu.tomtom.Elevaator.ElevatorControlSystemTest@51efea79]" name="initialize" is-config="true" duration-ms="0" started-at="2018-08-06T18:19:28Z" finished-at="2018-08-06T18:19:28Z">
          <reporter-output>
          </reporter-output>
        </test-method> <!-- initialize -->
        <test-method status="PASS" signature="testSendingElevatorToDestination()[pri:0, instance:com.ritu.tomtom.Elevaator.ElevatorControlSystemTest@51efea79]" name="testSendingElevatorToDestination" duration-ms="3" started-at="2018-08-06T18:19:28Z" finished-at="2018-08-06T18:19:28Z">
          <reporter-output>
          </reporter-output>
        </test-method> <!-- testSendingElevatorToDestination -->
        <test-method status="PASS" signature="initialize()[pri:0, instance:com.ritu.tomtom.Elevaator.ElevatorControlSystemTest@51efea79]" name="initialize" is-config="true" duration-ms="0" started-at="2018-08-06T18:19:28Z" finished-at="2018-08-06T18:19:28Z">
          <reporter-output>
          </reporter-output>
        </test-method> <!-- initialize -->
        <test-method status="PASS" signature="testSendingElevatorToMultipleDestinations()[pri:0, instance:com.ritu.tomtom.Elevaator.ElevatorControlSystemTest@51efea79]" name="testSendingElevatorToMultipleDestinations" duration-ms="5" started-at="2018-08-06T18:19:28Z" finished-at="2018-08-06T18:19:28Z">
          <reporter-output>
          </reporter-output>
        </test-method> <!-- testSendingElevatorToMultipleDestinations -->
      </class> <!-- com.ritu.tomtom.Elevaator.ElevatorControlSystemTest -->
    </test> <!-- Default test -->
  </suite> <!-- Default suite -->
</testng-results>
